<?xml version="1.0" encoding="UTF-8"?>
<!-- Generated by org.testng.reporters.JUnitReportReporter -->
<testsuite hostname="DESKTOP-B3HUGK0" failures="0" tests="2" name="com.selenium.ExtentReport" time="0.066" errors="0" timestamp="2021-10-30T08:03:08 IST" skipped="0">
  <testcase classname="com.selenium.ExtentReport" name="test1" time="0.056"/>
  <system-out/>
  <testcase classname="com.selenium.ExtentReport" name="test2" time="0.010"/>
  <system-out/>
</testsuite> <!-- com.selenium.ExtentReport -->
